Thu 23 Mar 2023 03:33:29 PM UTC: 
 tests:  0|6
total_score: 0/70
1750287
Thu 23 Mar 2023 03:38:20 PM UTC: 
 list.c | 5 ++++-
 1 file changed, 4 insertions(+), 1 deletion(-)
 tests:  1|5
total_score: 10/70
7389379
Thu 23 Mar 2023 03:43:57 PM UTC: 
 list.c | 2 +-
 1 file changed, 1 insertion(+), 1 deletion(-)
In file included from test.c:5:
list.c: In function ‘firstList’:
list.c:40:1: error: control reaches end of non-void function [-Werror=return-type]
   40 | }
      | ^
cc1: all warnings being treated as errors
Compilation failed
7853e9e
Thu 23 Mar 2023 03:44:15 PM UTC: 
 list.c | 2 +-
 1 file changed, 1 insertion(+), 1 deletion(-)
In file included from test.c:5:
list.c: In function ‘firstList’:
list.c:40:1: error: control reaches end of non-void function [-Werror=return-type]
   40 | }
      | ^
cc1: all warnings being treated as errors
Compilation failed
4ae42db
Thu 23 Mar 2023 03:44:26 PM UTC: 
 list.c | 2 +-
 1 file changed, 1 insertion(+), 1 deletion(-)
 tests:  1|5
total_score: 10/70
4e9c743
Thu 23 Mar 2023 03:47:59 PM UTC: 
 list.c | 1 +
 1 file changed, 1 insertion(+)
 tests:  1|5
total_score: 10/70
96d7c3f
Thu 23 Mar 2023 03:48:11 PM UTC: 
 list.c | 2 +-
 1 file changed, 1 insertion(+), 1 deletion(-)
In file included from test.c:5:
list.c: In function ‘firstList’:
list.c:41:1: error: control reaches end of non-void function [-Werror=return-type]
   41 | }
      | ^
cc1: all warnings being treated as errors
Compilation failed
8dc90b2
Thu 23 Mar 2023 03:48:19 PM UTC: 
 list.c | 2 +-
 1 file changed, 1 insertion(+), 1 deletion(-)
In file included from test.c:5:
list.c: In function ‘firstList’:
list.c:40:5: error: ‘return’ with no value, in function returning non-void [-Werror=return-type]
   40 |     return;
      |     ^~~~~~
list.c:38:8: note: declared here
   38 | void * firstList(List * list) {
      |        ^~~~~~~~~
cc1: all warnings being treated as errors
Compilation failed
d72af8a
Thu 23 Mar 2023 03:49:16 PM UTC: 
 list.c | 4 ++--
 1 file changed, 2 insertions(+), 2 deletions(-)
 tests:  1|5
total_score: 10/70
ac4208e
Thu 23 Mar 2023 03:49:39 PM UTC: 
 list.c | 2 +-
 1 file changed, 1 insertion(+), 1 deletion(-)
 tests:  1|5
total_score: 10/70
f303bb6
Thu 23 Mar 2023 03:50:09 PM UTC: 
 list.c | 1 +
 1 file changed, 1 insertion(+)
In file included from test.c:5:
list.c: In function ‘firstList’:
list.c:40:12: error: format ‘%d’ expects argument of type ‘int’, but argument 2 has type ‘Node *’ [-Werror=format=]
   40 |   printf("%d", list->head);
      |           ~^   ~~~~~~~~~~
      |            |       |
      |            int     Node *
cc1: all warnings being treated as errors
Compilation failed
28b7347
Thu 23 Mar 2023 03:50:39 PM UTC: 
 list.c | 4 ++--
 1 file changed, 2 insertions(+), 2 deletions(-)
In file included from test.c:5:
list.c: In function ‘firstList’:
list.c:40:12: error: format ‘%d’ expects argument of type ‘int’, but argument 2 has type ‘void *’ [-Werror=format=]
   40 |   printf("%d", list->head->data);
      |           ~^   ~~~~~~~~~~~~~~~~
      |            |             |
      |            int           void *
      |           %p
cc1: all warnings being treated as errors
Compilation failed
88852c3
Thu 23 Mar 2023 03:50:53 PM UTC: 
 list.c | 3 +--
 1 file changed, 1 insertion(+), 2 deletions(-)
 tests:  1|5
total_score: 10/70
af4545e
Thu 23 Mar 2023 04:07:40 PM UTC: 
 list.c | 3 +--
 1 file changed, 1 insertion(+), 2 deletions(-)
 tests:  0|0
561a5c1
Thu 23 Mar 2023 04:08:24 PM UTC: 
 list.c | 1 +
 1 file changed, 1 insertion(+)
 tests:  1|5
total_score: 10/70
a9771c2
Thu 23 Mar 2023 04:08:36 PM UTC: 
 list.c | 2 +-
 1 file changed, 1 insertion(+), 1 deletion(-)
 tests:  0|0
24e5e9c
Thu 23 Mar 2023 04:09:41 PM UTC: 
 list.c | 5 +++--
 1 file changed, 3 insertions(+), 2 deletions(-)
In file included from test.c:5:
list.c: In function ‘firstList’:
list.c:39:12: error: format ‘%d’ expects argument of type ‘int’, but argument 2 has type ‘void *’ [-Werror=format=]
   39 |   printf("%d", list->head->data);
      |           ~^   ~~~~~~~~~~~~~~~~
      |            |             |
      |            int           void *
      |           %p
cc1: all warnings being treated as errors
Compilation failed
92dbf5c
Thu 23 Mar 2023 04:09:55 PM UTC: 
 list.c | 2 +-
 1 file changed, 1 insertion(+), 1 deletion(-)
 tests:  1|5
total_score: 10/70
3bbfe08
Thu 23 Mar 2023 04:10:16 PM UTC: 
 list.c | 3 +--
 1 file changed, 1 insertion(+), 2 deletions(-)
 tests:  1|5
total_score: 10/70
ab754f0
Thu 23 Mar 2023 04:10:37 PM UTC: 
 list.c | 2 +-
 1 file changed, 1 insertion(+), 1 deletion(-)
 tests:  1|5
total_score: 10/70
63dae82
Thu 23 Mar 2023 04:10:51 PM UTC: 
 list.c | 2 +-
 1 file changed, 1 insertion(+), 1 deletion(-)
 tests:  0|0
c3de641
Thu 23 Mar 2023 04:11:03 PM UTC: 
 list.c | 2 +-
 1 file changed, 1 insertion(+), 1 deletion(-)
 tests:  1|5
total_score: 10/70
d82304e
Thu 23 Mar 2023 04:12:33 PM UTC: 
 list.c | 2 +-
 1 file changed, 1 insertion(+), 1 deletion(-)
 tests:  1|5
total_score: 10/70
3343801
Thu 23 Mar 2023 04:12:45 PM UTC: 
 list.c | 2 +-
 1 file changed, 1 insertion(+), 1 deletion(-)
 tests:  1|5
total_score: 10/70
d16a88c
Thu 23 Mar 2023 04:13:34 PM UTC: 
 list.c | 2 +-
 1 file changed, 1 insertion(+), 1 deletion(-)
 tests:  0|0
d774dae
Thu 23 Mar 2023 04:15:06 PM UTC: 
 list.c | 2 +-
 1 file changed, 1 insertion(+), 1 deletion(-)
 tests:  0|0
6d26c34
Thu 23 Mar 2023 04:15:12 PM UTC: 
 list.c | 2 +-
 1 file changed, 1 insertion(+), 1 deletion(-)
 tests:  0|0
727beab
Thu 23 Mar 2023 04:17:34 PM UTC: 
 list.c | 2 ++
 1 file changed, 2 insertions(+)
 tests:  2|5
total_score: 15/70
4501e1b
Thu 23 Mar 2023 04:19:38 PM UTC: 
 list.c | 1 +
 1 file changed, 1 insertion(+)
In file included from test.c:5:
list.c: In function ‘nextList’:
list.c:47:5: error: expected ‘,’ or ‘;’ before ‘return’
   47 |     return NULL;
      |     ^~~~~~
list.c:46:10: error: unused variable ‘aux’ [-Werror=unused-variable]
   46 |   Node * aux = list->current
      |          ^~~
list.c:48:1: error: control reaches end of non-void function [-Werror=return-type]
   48 | }
      | ^
cc1: all warnings being treated as errors
Compilation failed
3693379
Thu 23 Mar 2023 04:19:49 PM UTC: 
 list.c | 2 +-
 1 file changed, 1 insertion(+), 1 deletion(-)
In file included from test.c:5:
list.c: In function ‘nextList’:
list.c:46:10: error: unused variable ‘aux’ [-Werror=unused-variable]
   46 |   Node * aux = list->current;
      |          ^~~
cc1: all warnings being treated as errors
Compilation failed
6163dc7
Thu 23 Mar 2023 04:23:32 PM UTC: 
 list.c | 3 +--
 1 file changed, 1 insertion(+), 2 deletions(-)
 tests:  0|0
0b05a9d
Thu 23 Mar 2023 04:23:42 PM UTC: 
 list.c | 2 +-
 1 file changed, 1 insertion(+), 1 deletion(-)
In file included from test.c:5:
list.c: In function ‘firstList’:
list.c:39:13: error: expected identifier before ‘==’ token
   39 |   if(list-> == NULL)
      |             ^~
Compilation failed
d07f9d4
Thu 23 Mar 2023 04:23:58 PM UTC: 
 list.c | 2 +-
 1 file changed, 1 insertion(+), 1 deletion(-)
 tests:  2|5
total_score: 15/70
51ce501
Thu 23 Mar 2023 04:24:19 PM UTC: 
 list.c | 2 +-
 1 file changed, 1 insertion(+), 1 deletion(-)
 tests:  2|5
total_score: 15/70
bec9511
Thu 23 Mar 2023 04:29:03 PM UTC: 
 list.c | 5 +++++
 1 file changed, 5 insertions(+)
 tests:  5|4
total_score: 25/70
9586656
Sat 25 Mar 2023 03:10:51 PM UTC: 
 list.c | 3 +++
 1 file changed, 3 insertions(+)
 tests:  6|4
total_score: 25/70
9cc6922
Sat 25 Mar 2023 03:12:14 PM UTC: 
 list.c | 5 +++++
 1 file changed, 5 insertions(+)
 tests:  9|3
total_score: 35/70
e439d26
Sat 25 Mar 2023 03:15:07 PM UTC: 
 list.c | 1 +
 1 file changed, 1 insertion(+)
In file included from test.c:5:
list.c: In function ‘pushFront’:
list.c:71:16: error: implicit declaration of function ‘createnode’; did you mean ‘createNode’? [-Werror=implicit-function-declaration]
   71 |   Node * Aux = createnode(data);
      |                ^~~~~~~~~~
      |                createNode
list.c:71:16: error: initialization of ‘Node *’ from ‘int’ makes pointer from integer without a cast [-Werror=int-conversion]
list.c:71:10: error: unused variable ‘Aux’ [-Werror=unused-variable]
   71 |   Node * Aux = createnode(data);
      |          ^~~
cc1: all warnings being treated as errors
Compilation failed
d493b1e
Sat 25 Mar 2023 03:15:28 PM UTC: 
 list.c | 2 +-
 1 file changed, 1 insertion(+), 1 deletion(-)
In file included from test.c:5:
list.c: In function ‘pushFront’:
list.c:71:10: error: unused variable ‘Aux’ [-Werror=unused-variable]
   71 |   Node * Aux = createNode(data);
      |          ^~~
cc1: all warnings being treated as errors
Compilation failed
ab8213e
Sat 25 Mar 2023 03:17:42 PM UTC: 
 list.c | 3 +++
 1 file changed, 3 insertions(+)
 tests:  9|3
total_score: 35/70
30fb715
Sat 25 Mar 2023 03:20:23 PM UTC: 
 list.c | 7 +++++++
 1 file changed, 7 insertions(+)
 tests:  10|2
total_score: 45/70
30f7df4
Sat 25 Mar 2023 03:26:35 PM UTC: 
 list.c | 6 ++++++
 1 file changed, 6 insertions(+)
In file included from test.c:5:
list.c: In function ‘pushCurrent’:
list.c:92:24: error: ‘List’ {aka ‘struct List’} has no member named ‘next’
   92 |   Node * AuxNext = list->next;
      |                        ^~
list.c:94:8: error: ‘Node’ has no member named ‘Prev’; did you mean ‘prev’?
   94 |   Aux->Prev = AuxPrev;
      |        ^~~~
      |        prev
list.c:95:8: error: ‘Node’ has no member named ‘Next’; did you mean ‘next’?
   95 |   Aux->Next = AuxNext;
      |        ^~~~
      |        next
Compilation failed
3083eb8
Sat 25 Mar 2023 03:26:58 PM UTC: 
 list.c | 4 ++--
 1 file changed, 2 insertions(+), 2 deletions(-)
In file included from test.c:5:
list.c: In function ‘pushCurrent’:
list.c:92:24: error: ‘List’ {aka ‘struct List’} has no member named ‘next’
   92 |   Node * AuxNext = list->next;
      |                        ^~
Compilation failed
842f557
Sat 25 Mar 2023 03:32:03 PM UTC: 
 list.c | 4 +---
 1 file changed, 1 insertion(+), 3 deletions(-)
In file included from test.c:5:
list.c: In function ‘pushCurrent’:
list.c:91:24: error: ‘List’ {aka ‘struct List’} has no member named ‘next’
   91 |   Node * AuxNext = list->next;
      |                        ^~
list.c:92:7: error: ‘List’ {aka ‘struct List’} has no member named ‘next’
   92 |   list->next = Aux;
      |       ^~
Compilation failed
714f101
Sat 25 Mar 2023 03:33:04 PM UTC: 
 list.c | 1 +
 1 file changed, 1 insertion(+)
In file included from test.c:5:
list.c: In function ‘pushCurrent’:
list.c:91:24: error: ‘List’ {aka ‘struct List’} has no member named ‘next’
   91 |   Node * AuxNext = list->next;
      |                        ^~
list.c:92:7: error: ‘List’ {aka ‘struct List’} has no member named ‘next’
   92 |   list->next = Aux;
      |       ^~
list.c:93:20: error: ‘List’ {aka ‘struct List’} has no member named ‘next’
   93 |   printf("%p", list->next->data);
      |                    ^~
Compilation failed
bf8abf1
Sat 25 Mar 2023 03:34:03 PM UTC: 
 list.c | 2 +-
 1 file changed, 1 insertion(+), 1 deletion(-)
In file included from test.c:5:
list.c: In function ‘pushCurrent’:
list.c:91:24: error: ‘List’ {aka ‘struct List’} has no member named ‘next’
   91 |   Node * AuxNext = list->next;
      |                        ^~
list.c:92:7: error: ‘List’ {aka ‘struct List’} has no member named ‘next’
   92 |   list->next = Aux;
      |       ^~
list.c:93:20: error: ‘List’ {aka ‘struct List’} has no member named ‘next’
   93 |   printf("%d", list->next->data);
      |                    ^~
Compilation failed
d827ba2
Sat 25 Mar 2023 03:34:23 PM UTC: 
 list.c | 2 +-
 1 file changed, 1 insertion(+), 1 deletion(-)
In file included from test.c:5:
list.c: In function ‘pushCurrent’:
list.c:91:24: error: ‘List’ {aka ‘struct List’} has no member named ‘next’
   91 |   Node * AuxNext = list->next;
      |                        ^~
list.c:92:7: error: ‘List’ {aka ‘struct List’} has no member named ‘next’
   92 |   list->next = Aux;
      |       ^~
Compilation failed
a29981e
Sat 25 Mar 2023 03:35:17 PM UTC: 
 list.c | 4 ++--
 1 file changed, 2 insertions(+), 2 deletions(-)
 tests:  10|2
total_score: 45/70
1d6cecb
Sat 25 Mar 2023 03:35:57 PM UTC: 
 list.c | 2 +-
 1 file changed, 1 insertion(+), 1 deletion(-)
In file included from test.c:5:
list.c: In function ‘pushCurrent’:
list.c:94:20: error: ‘List’ {aka ‘struct List’} has no member named ‘next’
   94 |   printf("%p", list->next->data);
      |                    ^~
Compilation failed
8fd4b12
Sat 25 Mar 2023 03:36:25 PM UTC: 
 list.c | 2 +-
 1 file changed, 1 insertion(+), 1 deletion(-)
 tests:  10|2
total_score: 45/70
32b1c9e
Sat 25 Mar 2023 03:36:37 PM UTC: 
 list.c | 2 +-
 1 file changed, 1 insertion(+), 1 deletion(-)
In file included from test.c:5:
list.c: In function ‘pushCurrent’:
list.c:94:20: error: ‘List’ {aka ‘struct List’} has no member named ‘next’
   94 |   printf("%p", list->next->data);
      |                    ^~
Compilation failed
04f8504
Sat 25 Mar 2023 03:40:15 PM UTC: 
 list.c | 7 +++----
 1 file changed, 3 insertions(+), 4 deletions(-)
In file included from test.c:5:
list.c: In function ‘pushCurrent’:
list.c:91:24: error: ‘List’ {aka ‘struct List’} has no member named ‘next’
   91 |   Node * AuxNext = list->next;
      |                        ^~
Compilation failed
43e152c
Sat 25 Mar 2023 03:40:24 PM UTC: 
 list.c | 2 +-
 1 file changed, 1 insertion(+), 1 deletion(-)
 tests:  10|2
total_score: 45/70
d33b5eb
Sat 25 Mar 2023 03:40:56 PM UTC: 
 list.c | 1 +
 1 file changed, 1 insertion(+)
 tests:  10|2
total_score: 45/70
e5516c3
Sat 25 Mar 2023 03:42:13 PM UTC: 
 list.c | 2 ++
 1 file changed, 2 insertions(+)
 tests:  10|2
total_score: 45/70
4d59d92
Sat 25 Mar 2023 03:42:56 PM UTC: 
 list.c | 2 +-
 1 file changed, 1 insertion(+), 1 deletion(-)
 tests:  11|1
total_score: 55/70
4702194
Sat 25 Mar 2023 03:45:59 PM UTC: 
 list.c | 3 ++-
 1 file changed, 2 insertions(+), 1 deletion(-)
 tests:  11|1
total_score: 55/70
e186c89
Sat 25 Mar 2023 03:47:23 PM UTC: 
 list.c | 1 +
 1 file changed, 1 insertion(+)
In file included from test.c:5:
list.c: In function ‘popCurrent’:
list.c:111:7: error: ‘List’ {aka ‘struct List’} has no member named ‘prev’
  111 |   list->prev = list->next;
      |       ^~
list.c:111:20: error: ‘List’ {aka ‘struct List’} has no member named ‘next’
  111 |   list->prev = list->next;
      |                    ^~
Compilation failed
9451ca4
Sat 25 Mar 2023 03:53:08 PM UTC: 
 list.c | 4 +++-
 1 file changed, 3 insertions(+), 1 deletion(-)
 tests:  11|1
total_score: 55/70
88e5d36
Sat 25 Mar 2023 03:54:16 PM UTC: 
 list.c | 3 ++-
 1 file changed, 2 insertions(+), 1 deletion(-)
In file included from test.c:5:
list.c: In function ‘popCurrent’:
list.c:112:22: error: ‘List’ {aka ‘struct List’} has no member named ‘next’
  112 |     list->head = list->next;
      |                      ^~
list.c:113:9: error: ‘List’ {aka ‘struct List’} has no member named ‘prev’
  113 |     list->prev = NULL;
      |         ^~
Compilation failed
dffe441
Sat 25 Mar 2023 03:54:40 PM UTC: 
 list.c | 2 +-
 1 file changed, 1 insertion(+), 1 deletion(-)
In file included from test.c:5:
list.c: In function ‘popCurrent’:
list.c:112:22: error: ‘List’ {aka ‘struct List’} has no member named ‘next’
  112 |     list->head = list->next;
      |                      ^~
Compilation failed
526aee2
Sat 25 Mar 2023 03:55:19 PM UTC: 
 list.c | 2 +-
 1 file changed, 1 insertion(+), 1 deletion(-)
 tests:  11|1
total_score: 55/70
2767d36
Sat 25 Mar 2023 04:00:29 PM UTC: 
 list.c | 4 +++-
 1 file changed, 3 insertions(+), 1 deletion(-)
In file included from test.c:5:
list.c: In function ‘popCurrent’:
list.c:115:33: error: ‘Node’ has no member named ‘Next’; did you mean ‘next’?
  115 |     list->head->next = AuxNext->Next;
      |                                 ^~~~
      |                                 next
Compilation failed
5c9125b
Sat 25 Mar 2023 04:01:04 PM UTC: 
 list.c | 6 +-----
 1 file changed, 1 insertion(+), 5 deletions(-)
In file included from test.c:5:
list.c: In function ‘popCurrent’:
list.c:111:10: error: unused variable ‘AuxNext’ [-Werror=unused-variable]
  111 |   Node * AuxNext = list->current->next;
      |          ^~~~~~~
cc1: all warnings being treated as errors
Compilation failed
0c68f0f
Sat 25 Mar 2023 04:04:09 PM UTC: 
 list.c | 3 +++
 1 file changed, 3 insertions(+)
 tests:  11|1
total_score: 55/70
675919c
Sat 25 Mar 2023 04:06:50 PM UTC: 
 list.c | 8 ++++++--
 1 file changed, 6 insertions(+), 2 deletions(-)
 tests:  11|1
total_score: 55/70
6046af2
Sat 25 Mar 2023 04:07:37 PM UTC: 
 list.c | 1 +
 1 file changed, 1 insertion(+)
 tests:  11|1
total_score: 55/70
697f3ac
Sat 25 Mar 2023 04:11:30 PM UTC: 
 list.c | 5 +++--
 1 file changed, 3 insertions(+), 2 deletions(-)
 tests:  11|1
total_score: 55/70
5b3258a
Sat 25 Mar 2023 04:12:13 PM UTC: 
 list.c | 6 +++---
 1 file changed, 3 insertions(+), 3 deletions(-)
 tests:  11|1
total_score: 55/70
c6c3a7b
Sat 25 Mar 2023 04:13:40 PM UTC: 
 list.c | 12 ++++--------
 1 file changed, 4 insertions(+), 8 deletions(-)
 tests:  11|1
total_score: 55/70
e5b71c4
Sat 25 Mar 2023 04:14:04 PM UTC: 
 list.c | 2 +-
 1 file changed, 1 insertion(+), 1 deletion(-)
 tests:  11|1
total_score: 55/70
7c34132
Sat 25 Mar 2023 04:14:24 PM UTC: 
 list.c | 4 ++--
 1 file changed, 2 insertions(+), 2 deletions(-)
 tests:  11|1
total_score: 55/70
f13b587
Sat 25 Mar 2023 04:14:41 PM UTC: 
 list.c | 1 +
 1 file changed, 1 insertion(+)
 tests:  11|1
total_score: 55/70
4ec72e7
Sat 25 Mar 2023 04:15:08 PM UTC: 
 list.c | 2 +-
 1 file changed, 1 insertion(+), 1 deletion(-)
 tests:  11|1
total_score: 55/70
5810e88
Sat 25 Mar 2023 04:15:19 PM UTC: 
 list.c | 2 +-
 1 file changed, 1 insertion(+), 1 deletion(-)
 tests:  11|1
total_score: 55/70
3b67595
Sat 25 Mar 2023 04:16:08 PM UTC: 
 list.c | 2 +-
 1 file changed, 1 insertion(+), 1 deletion(-)
In file included from test.c:5:
list.c: In function ‘popCurrent’:
list.c:114:29: error: ‘Node’ has no member named ‘n’
  114 |   list->head->next = AuxNext->n;
      |                             ^~
Compilation failed
1264f7e
Sat 25 Mar 2023 04:16:20 PM UTC: 
 list.c | 2 +-
 1 file changed, 1 insertion(+), 1 deletion(-)
 tests:  11|1
total_score: 55/70
b1fe2d7
Sat 25 Mar 2023 04:18:36 PM UTC: 
 list.c | 5 -----
 1 file changed, 5 deletions(-)
test.c: In function ‘popCurrent’:
test.c:448:5: error: ‘main’ is normally a non-static function [-Werror=main]
  448 | int main( int argc, char *argv[] ) {
      |     ^~~~
test.c:468:1: error: expected declaration or statement at end of input
  468 | }
      | ^
In file included from test.c:5:
list.c:110:10: error: unused variable ‘Aux’ [-Werror=unused-variable]
  110 |   Node * Aux = list->current;
      |          ^~~
test.c:469: error: control reaches end of non-void function [-Werror=return-type]
At top level:
test.c:448:5: error: ‘main’ defined but not used [-Werror=unused-function]
  448 | int main( int argc, char *argv[] ) {
      |     ^~~~
In file included from test.c:5:
list.c:117:6: error: ‘cleanList’ defined but not used [-Werror=unused-function]
  117 | void cleanList(List * list) {
      |      ^~~~~~~~~
cc1: all warnings being treated as errors
Compilation failed
9c7ca6d
Sat 25 Mar 2023 04:19:06 PM UTC: 
 list.c | 9 ++++++---
 1 file changed, 6 insertions(+), 3 deletions(-)
 tests:  11|1
total_score: 55/70
a8f25f9
Sat 25 Mar 2023 05:17:34 PM UTC: 
 list.c | 4 ----
 1 file changed, 4 deletions(-)
In file included from test.c:5:
list.c: In function ‘popCurrent’:
list.c:111:10: error: unused variable ‘AuxNext’ [-Werror=unused-variable]
  111 |   Node * AuxNext = list->current->next;
      |          ^~~~~~~
cc1: all warnings being treated as errors
Compilation failed
de5c923
Sat 25 Mar 2023 05:18:55 PM UTC: 
 list.c | 4 ++++
 1 file changed, 4 insertions(+)
 tests:  11|1
total_score: 55/70
7987a81
Sat 25 Mar 2023 05:19:18 PM UTC: 
 list.c | 1 +
 1 file changed, 1 insertion(+)
In file included from test.c:5:
list.c: In function ‘popCurrent’:
list.c:116:3: error: expected ‘;’ before ‘}’ token
  116 |   }
      |   ^
Compilation failed
baaa545
Sat 25 Mar 2023 05:19:25 PM UTC: 
 list.c | 2 +-
 1 file changed, 1 insertion(+), 1 deletion(-)
 tests:  11|1
total_score: 55/70
eb28278
Sat 25 Mar 2023 05:20:03 PM UTC: 
 list.c | 1 +
 1 file changed, 1 insertion(+)
 tests:  11|1
total_score: 55/70
991dc82
Sat 25 Mar 2023 05:20:31 PM UTC: 
 list.c | 3 +--
 1 file changed, 1 insertion(+), 2 deletions(-)
In file included from test.c:5:
list.c: In function ‘popCurrent’:
list.c:110:10: error: unused variable ‘Aux’ [-Werror=unused-variable]
  110 |   Node * Aux = list->current;
      |          ^~~
list.c:119:1: error: control reaches end of non-void function [-Werror=return-type]
  119 | }
      | ^
cc1: all warnings being treated as errors
Compilation failed
1fb980a
Sat 25 Mar 2023 05:20:55 PM UTC: 
 list.c | 2 +-
 1 file changed, 1 insertion(+), 1 deletion(-)
 tests:  11|1
total_score: 55/70
50ec601
Sat 25 Mar 2023 05:24:13 PM UTC: 
 list.c | 4 ++++
 1 file changed, 4 insertions(+)
 tests:  11|1
total_score: 55/70
5ac5be7
Sat 25 Mar 2023 05:24:49 PM UTC: 
 list.c | 1 +
 1 file changed, 1 insertion(+)
 tests:  11|1
total_score: 55/70
03f1626
Sat 25 Mar 2023 05:29:51 PM UTC: 
 list.c | 12 +++---------
 1 file changed, 3 insertions(+), 9 deletions(-)
In file included from test.c:5:
list.c: In function ‘popCurrent’:
list.c:114:7: error: ‘List’ {aka ‘struct List’} has no member named ‘prev’
  114 |   list->prev = Aux->prev;
      |       ^~
Compilation failed
210634c
Sat 25 Mar 2023 05:30:15 PM UTC: 
 list.c | 1 +
 1 file changed, 1 insertion(+)
In file included from test.c:5:
list.c: In function ‘popCurrent’:
list.c:114:7: error: ‘List’ {aka ‘struct List’} has no member named ‘prev’
  114 |   list->prev = Aux->prev;
      |       ^~
list.c:115:7: error: ‘List’ {aka ‘struct List’} has no member named ‘next’
  115 |   list->next = AuxNext->next;
      |       ^~
Compilation failed
d7325dd
Sat 25 Mar 2023 05:32:47 PM UTC: 
 list.c | 5 +++++
 1 file changed, 5 insertions(+)
In file included from test.c:5:
list.c: In function ‘popCurrent’:
list.c:119:7: error: ‘List’ {aka ‘struct List’} has no member named ‘prev’
  119 |   list->prev = Aux->prev;
      |       ^~
list.c:120:7: error: ‘List’ {aka ‘struct List’} has no member named ‘next’
  120 |   list->next = AuxNext->next;
      |       ^~
Compilation failed
d5fda26
Sat 25 Mar 2023 05:36:16 PM UTC: 
 list.c | 9 +++++++--
 1 file changed, 7 insertions(+), 2 deletions(-)
In file included from test.c:5:
list.c: In function ‘popCurrent’:
list.c:117:3: error: this ‘if’ clause does not guard... [-Werror=misleading-indentation]
  117 |   if(list->current != list->head && list->current != list->tail)
      |   ^~
list.c:119:5: note: ...this statement, but the latter is misleadingly indented as if it were guarded by the ‘if’
  119 |     list->prev = Aux->prev;
      |     ^~~~
list.c:119:9: error: ‘List’ {aka ‘struct List’} has no member named ‘prev’
  119 |     list->prev = Aux->prev;
      |         ^~
list.c:120:9: error: ‘List’ {aka ‘struct List’} has no member named ‘next’
  120 |     list->next = AuxNext->next;
      |         ^~
list.c: At top level:
list.c:122:3: error: expected identifier or ‘(’ before ‘if’
  122 |   if(list->current == list->tail){
      |   ^~
list.c:127:3: error: expected identifier or ‘(’ before ‘return’
  127 |   return Aux->data;
      |   ^~~~~~
list.c:128:1: error: expected identifier or ‘(’ before ‘}’ token
  128 | }
      | ^
list.c: In function ‘popCurrent’:
list.c:121:3: error: control reaches end of non-void function [-Werror=return-type]
  121 |   }
      |   ^
cc1: all warnings being treated as errors
Compilation failed
71509c1
Sat 25 Mar 2023 05:36:50 PM UTC: 
 list.c | 4 ++--
 1 file changed, 2 insertions(+), 2 deletions(-)
 tests:  11|1
total_score: 55/70
0435d32
Sat 25 Mar 2023 05:37:23 PM UTC: 
 list.c | 1 +
 1 file changed, 1 insertion(+)
 tests:  11|1
total_score: 55/70
742d7db
Sat 25 Mar 2023 05:37:37 PM UTC: 
 list.c | 4 ++--
 1 file changed, 2 insertions(+), 2 deletions(-)
In file included from test.c:5:
list.c: In function ‘popCurrent’:
list.c:118:3: error: this ‘if’ clause does not guard... [-Werror=misleading-indentation]
  118 |   if(list->current != list->head && list->current != list->tail)
      |   ^~
list.c:120:5: note: ...this statement, but the latter is misleadingly indented as if it were guarded by the ‘if’
  120 |     list->prev = Aux->prev;
      |     ^~~~
list.c:120:9: error: ‘List’ {aka ‘struct List’} has no member named ‘prev’
  120 |     list->prev = Aux->prev;
      |         ^~
list.c:121:9: error: ‘List’ {aka ‘struct List’} has no member named ‘next’
  121 |     list->next = AuxNext->next;
      |         ^~
list.c: At top level:
list.c:123:3: error: expected identifier or ‘(’ before ‘if’
  123 |   if(list->current == list->tail){
      |   ^~
list.c:128:3: error: expected identifier or ‘(’ before ‘return’
  128 |   return Aux->data;
      |   ^~~~~~
list.c:129:1: error: expected identifier or ‘(’ before ‘}’ token
  129 | }
      | ^
list.c: In function ‘popCurrent’:
list.c:122:3: error: control reaches end of non-void function [-Werror=return-type]
  122 |   }
      |   ^
cc1: all warnings being treated as errors
Compilation failed
b90f8fc
Sat 25 Mar 2023 05:38:43 PM UTC: 
 list.c | 4 ++--
 1 file changed, 2 insertions(+), 2 deletions(-)
In file included from test.c:5:
list.c: In function ‘popCurrent’:
list.c:118:3: error: this ‘if’ clause does not guard... [-Werror=misleading-indentation]
  118 |   if(list->current != list->head && list->current != list->tail)
      |   ^~
list.c:120:5: note: ...this statement, but the latter is misleadingly indented as if it were guarded by the ‘if’
  120 |     list->current->prev = Aux->prev;
      |     ^~~~
list.c: At top level:
list.c:123:3: error: expected identifier or ‘(’ before ‘if’
  123 |   if(list->current == list->tail){
      |   ^~
list.c:128:3: error: expected identifier or ‘(’ before ‘return’
  128 |   return Aux->data;
      |   ^~~~~~
list.c:129:1: error: expected identifier or ‘(’ before ‘}’ token
  129 | }
      | ^
list.c: In function ‘popCurrent’:
list.c:122:3: error: control reaches end of non-void function [-Werror=return-type]
  122 |   }
      |   ^
cc1: all warnings being treated as errors
Compilation failed
5910e7a
Sat 25 Mar 2023 05:39:07 PM UTC: 
 list.c | 2 +-
 1 file changed, 1 insertion(+), 1 deletion(-)
 tests:  11|1
total_score: 55/70
48a85be
Sat 25 Mar 2023 05:39:37 PM UTC: 
 list.c | 1 +
 1 file changed, 1 insertion(+)
 tests:  11|1
total_score: 55/70
2f6e794
Sat 25 Mar 2023 05:41:14 PM UTC: 
 list.c | 1 +
 1 file changed, 1 insertion(+)
 tests:  11|1
total_score: 55/70
33bd8df
Sat 25 Mar 2023 05:42:15 PM UTC: 
 list.c | 16 ++--------------
 1 file changed, 2 insertions(+), 14 deletions(-)
 tests:  11|1
total_score: 55/70
dc4e459
Sat 25 Mar 2023 05:42:42 PM UTC: 
 list.c | 2 +-
 1 file changed, 1 insertion(+), 1 deletion(-)
 tests:  11|1
total_score: 55/70
b82adf3
